[2019-09-22T22:36:51.979] [DEBUG] cheese - login => username:ddd,password:dddddd
[2019-09-22T22:36:51.986] [DEBUG] cheese - ddd
[2019-09-22T22:36:52.107] [DEBUG] cheese - null
[2019-09-22T22:36:52.110] [DEBUG] cheese - null
[2019-09-22T22:37:08.569] [DEBUG] cheese - login => username:admin,password:123123
[2019-09-22T22:37:08.570] [DEBUG] cheese - admin
[2019-09-22T22:37:08.583] [DEBUG] cheese - null
[2019-09-22T22:37:08.583] [DEBUG] cheese - null
[2019-09-22T22:37:18.772] [DEBUG] cheese - login => username:admin,password:123456
[2019-09-22T22:37:18.772] [DEBUG] cheese - admin
[2019-09-22T22:37:18.775] [DEBUG] cheese - null
[2019-09-22T22:37:18.776] [DEBUG] cheese - null
[2019-09-23T09:01:36.922] [DEBUG] cheese - login => username:admin,password:123456
[2019-09-23T09:01:36.925] [DEBUG] cheese - admin
[2019-09-23T09:01:37.001] [DEBUG] cheese - null
[2019-09-23T09:01:37.001] [DEBUG] cheese - null
[2019-09-23T09:01:41.162] [DEBUG] cheese - login => username:admin,password:123456
[2019-09-23T09:01:41.162] [DEBUG] cheese - admin
[2019-09-23T09:01:41.169] [DEBUG] cheese - null
[2019-09-23T09:01:41.169] [DEBUG] cheese - null
[2019-09-23T09:01:41.378] [DEBUG] cheese - login => username:admin,password:123456
[2019-09-23T09:01:41.379] [DEBUG] cheese - admin
[2019-09-23T09:01:41.388] [DEBUG] cheese - null
[2019-09-23T09:01:41.388] [DEBUG] cheese - null
[2019-09-23T09:01:41.634] [DEBUG] cheese - login => username:admin,password:123456
[2019-09-23T09:01:41.634] [DEBUG] cheese - admin
[2019-09-23T09:01:41.637] [DEBUG] cheese - null
[2019-09-23T09:01:41.637] [DEBUG] cheese - null
[2019-09-23T09:01:41.857] [DEBUG] cheese - login => username:admin,password:123456
[2019-09-23T09:01:41.857] [DEBUG] cheese - admin
[2019-09-23T09:01:41.869] [DEBUG] cheese - null
[2019-09-23T09:01:41.869] [DEBUG] cheese - null
[2019-09-23T09:01:42.348] [DEBUG] cheese - login => username:admin,password:123456
[2019-09-23T09:01:42.348] [DEBUG] cheese - admin
[2019-09-23T09:01:42.355] [DEBUG] cheese - null
[2019-09-23T09:01:42.355] [DEBUG] cheese - null
[2019-09-23T09:01:42.528] [DEBUG] cheese - login => username:admin,password:123456
[2019-09-23T09:01:42.529] [DEBUG] cheese - admin
[2019-09-23T09:01:42.539] [DEBUG] cheese - null
[2019-09-23T09:01:42.539] [DEBUG] cheese - null
[2019-09-23T09:01:42.847] [DEBUG] cheese - login => username:admin,password:123456
[2019-09-23T09:01:42.847] [DEBUG] cheese - admin
[2019-09-23T09:01:42.850] [DEBUG] cheese - null
[2019-09-23T09:01:42.850] [DEBUG] cheese - null
[2019-09-23T09:01:43.029] [DEBUG] cheese - login => username:admin,password:123456
[2019-09-23T09:01:43.029] [DEBUG] cheese - admin
[2019-09-23T09:01:43.034] [DEBUG] cheese - null
[2019-09-23T09:01:43.035] [DEBUG] cheese - null
[2019-09-23T09:01:43.217] [DEBUG] cheese - login => username:admin,password:123456
[2019-09-23T09:01:43.217] [DEBUG] cheese - admin
[2019-09-23T09:01:43.225] [DEBUG] cheese - null
[2019-09-23T09:01:43.225] [DEBUG] cheese - null
[2019-09-23T09:02:40.417] [DEBUG] cheese - login => username:admin,password:123456
[2019-09-23T09:02:40.419] [DEBUG] cheese - admin
[2019-09-23T09:02:40.435] [DEBUG] cheese - null
[2019-09-23T09:02:40.436] [DEBUG] cheese - null
[2019-09-23T09:05:43.698] [DEBUG] cheese - login => username:admin,password:123456
[2019-09-23T09:05:43.699] [DEBUG] cheese - admin
[2019-09-23T09:05:43.713] [DEBUG] cheese - null
[2019-09-23T09:05:43.714] [DEBUG] cheese - null
[2019-09-23T09:08:12.918] [DEBUG] cheese - login => username:ada,password:adadad
[2019-09-23T09:08:12.921] [DEBUG] cheese - ada
[2019-09-23T09:08:12.943] [DEBUG] cheese - null
[2019-09-23T09:08:12.947] [DEBUG] cheese - null
[2019-09-23T09:08:23.725] [DEBUG] cheese - login => username:admin,password:123456
[2019-09-23T09:08:23.725] [DEBUG] cheese - admin
[2019-09-23T09:08:23.728] [DEBUG] cheese - null
[2019-09-23T09:08:23.728] [DEBUG] cheese - null
[2019-09-23T09:09:37.553] [DEBUG] cheese - login => username:admin,password:123456
[2019-09-23T09:09:37.553] [DEBUG] cheese - admin
[2019-09-23T09:09:37.555] [DEBUG] cheese - null
[2019-09-23T09:09:37.555] [DEBUG] cheese - null
[2019-09-23T09:10:16.885] [DEBUG] cheese - login => username:admin,password:213456
[2019-09-23T09:10:16.886] [DEBUG] cheese - admin
[2019-09-23T09:10:16.898] [DEBUG] cheese - null
[2019-09-23T09:10:16.898] [DEBUG] cheese - null
[2019-09-23T09:10:22.451] [DEBUG] cheese - login => username:admin,password:123456
[2019-09-23T09:10:22.452] [DEBUG] cheese - admin
[2019-09-23T09:10:22.459] [DEBUG] cheese - null
[2019-09-23T09:10:22.459] [DEBUG] cheese - null
[2019-09-23T09:10:58.665] [DEBUG] cheese - login => username:admin,password:123456
[2019-09-23T09:10:58.665] [DEBUG] cheese - admin
[2019-09-23T09:10:58.668] [DEBUG] cheese - null
[2019-09-23T09:10:58.668] [DEBUG] cheese - null
[2019-09-23T09:44:54.366] [DEBUG] cheese - login => username:add,password:ddddddd
[2019-09-23T09:44:54.372] [DEBUG] cheese - add
[2019-09-23T09:44:54.535] [DEBUG] cheese - null
[2019-09-23T09:44:54.539] [DEBUG] cheese - null
[2019-09-23T09:45:05.936] [DEBUG] cheese - login => username:admin,password:123456
[2019-09-23T09:45:05.937] [DEBUG] cheese - admin
[2019-09-23T09:45:05.991] [DEBUG] cheese - null
[2019-09-23T09:45:05.994] [DEBUG] cheese - null
[2019-09-23T09:46:28.504] [DEBUG] cheese - login => username:admin,password:123456
[2019-09-23T09:46:28.505] [DEBUG] cheese - admin
[2019-09-23T09:46:28.521] [DEBUG] cheese - null
[2019-09-23T09:46:28.521] [DEBUG] cheese - null
[2019-09-23T09:53:29.994] [DEBUG] cheese - login => username:admin,password:123456
[2019-09-23T09:53:29.995] [DEBUG] cheese - admin
[2019-09-23T09:53:30.009] [DEBUG] cheese - null
[2019-09-23T09:53:30.009] [DEBUG] cheese - null
[2019-09-23T10:01:51.727] [DEBUG] cheese - login => username:admin,password:123456
[2019-09-23T10:01:51.728] [DEBUG] cheese - admin
[2019-09-23T10:01:51.743] [DEBUG] cheese - null
[2019-09-23T10:01:51.743] [DEBUG] cheese - null
[2019-09-23T10:35:04.329] [DEBUG] cheese - login => username:admin,password:123456
[2019-09-23T10:35:04.332] [DEBUG] cheese - admin
[2019-09-23T10:35:04.371] [DEBUG] cheese - null
[2019-09-23T10:35:04.372] [DEBUG] cheese - null
[2019-09-23T14:18:16.640] [DEBUG] cheese - login => username:admin,password:123456
[2019-09-23T14:18:16.644] [DEBUG] cheese - admin
[2019-09-23T14:18:16.656] [DEBUG] cheese - null
[2019-09-23T14:18:16.657] [DEBUG] cheese - null
[2019-09-23T19:45:13.426] [DEBUG] cheese - login => username:admin,password:123456
[2019-09-23T19:45:13.429] [DEBUG] cheese - admin
[2019-09-23T19:45:13.461] [DEBUG] cheese - null
[2019-09-23T19:45:13.461] [DEBUG] cheese - null
[2019-09-24T09:27:37.791] [DEBUG] cheese - login => username:admin,password:123456
[2019-09-24T09:27:37.800] [DEBUG] cheese - admin
[2019-09-24T09:27:37.895] [DEBUG] cheese - null
[2019-09-24T09:27:37.895] [DEBUG] cheese - null
[2019-09-24T09:50:29.751] [DEBUG] cheese - login => username:admin,password:123456
[2019-09-24T09:50:29.761] [DEBUG] cheese - admin
[2019-09-24T09:50:29.769] [DEBUG] cheese - null
[2019-09-24T09:50:29.770] [DEBUG] cheese - null
[2019-09-24T10:27:33.248] [DEBUG] cheese - login => username:admin,password:123456
[2019-09-24T10:27:33.252] [DEBUG] cheese - admin
[2019-09-24T10:27:33.273] [DEBUG] cheese - null
[2019-09-24T10:27:33.273] [DEBUG] cheese - null
[2019-09-24T15:01:04.133] [DEBUG] cheese - login => username:admin,password:123456
[2019-09-24T15:01:04.160] [DEBUG] cheese - admin
[2019-09-24T15:01:04.268] [DEBUG] cheese - null
[2019-09-24T15:01:04.268] [DEBUG] cheese - null
[2019-09-24T15:03:13.244] [DEBUG] cheese - login => username:admin,password:123456
[2019-09-24T15:03:13.245] [DEBUG] cheese - admin
[2019-09-24T15:03:13.275] [DEBUG] cheese - null
[2019-09-24T15:03:13.275] [DEBUG] cheese - null
[2019-09-24T15:03:53.785] [DEBUG] cheese - login => username:admin,password:123456
[2019-09-24T15:03:53.786] [DEBUG] cheese - admin
[2019-09-24T15:03:53.804] [DEBUG] cheese - null
[2019-09-24T15:03:53.804] [DEBUG] cheese - null
[2019-09-24T20:49:59.198] [DEBUG] cheese - login => username:admin,password:123456
[2019-09-24T20:49:59.205] [DEBUG] cheese - admin
[2019-09-24T20:49:59.210] [DEBUG] cheese - null
[2019-09-24T20:49:59.210] [DEBUG] cheese - null
[2019-09-25T08:59:08.773] [DEBUG] cheese - login => username:admin,password:123456
[2019-09-25T08:59:08.788] [DEBUG] cheese - admin
[2019-09-25T08:59:08.875] [DEBUG] cheese - null
[2019-09-25T08:59:08.875] [DEBUG] cheese - null
[2019-09-25T09:34:48.852] [DEBUG] cheese - null
[2019-09-25T09:35:03.658] [DEBUG] cheese - null
[2019-09-25T09:44:26.677] [DEBUG] cheese - null
[2019-09-25T09:46:46.619] [DEBUG] cheese - null
[2019-09-25T10:05:53.564] [DEBUG] cheese - null
[2019-09-25T15:02:45.477] [DEBUG] cheese - null
[2019-09-25T15:06:14.107] [DEBUG] cheese - login => username:admi5,password:123456
[2019-09-25T15:06:14.113] [DEBUG] cheese - admi5
[2019-09-25T15:06:14.268] [DEBUG] cheese - null
[2019-09-25T15:06:14.268] [DEBUG] cheese - null
[2019-09-25T15:06:22.226] [DEBUG] cheese - login => username:admin,password:123456
[2019-09-25T15:06:22.226] [DEBUG] cheese - admin
[2019-09-25T15:06:22.236] [DEBUG] cheese - null
[2019-09-25T15:06:22.237] [DEBUG] cheese - null
[2019-09-26T10:19:21.736] [DEBUG] cheese - login => username:admin,password:123456
[2019-09-26T10:19:21.746] [DEBUG] cheese - admin
[2019-09-26T10:19:21.915] [DEBUG] cheese - null
[2019-09-26T10:19:21.916] [DEBUG] cheese - null
[2019-09-27T09:46:37.820] [DEBUG] cheese - login => username:admin,password:123456
[2019-09-27T09:46:37.831] [DEBUG] cheese - admin
[2019-09-27T09:46:38.024] [DEBUG] cheese - null
[2019-09-27T09:46:38.024] [DEBUG] cheese - null
[2019-09-27T11:31:11.901] [DEBUG] cheese - login => username:admin,password:123456
[2019-09-27T11:31:11.904] [DEBUG] cheese - admin
[2019-09-27T11:31:11.953] [DEBUG] cheese - null
[2019-09-27T11:31:11.954] [DEBUG] cheese - null
[2019-09-27T14:16:57.484] [DEBUG] cheese - login => username:admin,password:123456
[2019-09-27T14:16:57.485] [DEBUG] cheese - admin
[2019-09-27T14:16:57.621] [DEBUG] cheese - null
[2019-09-27T14:16:57.621] [DEBUG] cheese - null
[2019-09-27T15:01:53.435] [DEBUG] cheese - login => username:admin,password:123456
[2019-09-27T15:01:53.441] [DEBUG] cheese - admin
[2019-09-27T15:01:53.499] [DEBUG] cheese - null
[2019-09-27T15:01:53.499] [DEBUG] cheese - null
[2019-09-28T16:33:14.957] [DEBUG] cheese - login => username:admin,password:123456
[2019-09-28T16:33:14.968] [DEBUG] cheese - admin
[2019-09-28T16:33:15.141] [DEBUG] cheese - null
[2019-09-28T16:33:15.142] [DEBUG] cheese - null
[2019-09-29T13:54:23.013] [DEBUG] cheese - login => username:admin,password:123456
[2019-09-29T13:54:23.020] [DEBUG] cheese - admin
[2019-09-29T13:54:23.258] [DEBUG] cheese - null
[2019-09-29T13:54:23.258] [DEBUG] cheese - null
[2019-09-29T15:04:07.453] [DEBUG] cheese - login => username:admin,password:123456
[2019-09-29T15:04:07.459] [DEBUG] cheese - admin
[2019-09-29T15:04:07.512] [DEBUG] cheese - null
[2019-09-29T15:04:07.512] [DEBUG] cheese - null
[2019-09-29T15:04:38.824] [DEBUG] cheese - login => username:admin,password:123456
[2019-09-29T15:04:38.825] [DEBUG] cheese - admin
[2019-09-29T15:04:38.835] [DEBUG] cheese - null
[2019-09-29T15:04:38.835] [DEBUG] cheese - null
[2019-09-30T10:59:06.248] [DEBUG] cheese - login => username:admin,password:123456
[2019-09-30T10:59:06.257] [DEBUG] cheese - admin
[2019-09-30T10:59:06.306] [DEBUG] cheese - null
[2019-09-30T10:59:06.306] [DEBUG] cheese - null
[2019-09-30T15:44:18.178] [DEBUG] cheese - login => username:admin,password:123456
[2019-09-30T15:44:18.182] [DEBUG] cheese - admin
[2019-09-30T15:44:18.239] [DEBUG] cheese - null
[2019-09-30T15:44:18.240] [DEBUG] cheese - null
[2019-10-01T16:18:35.058] [DEBUG] cheese - login => username:admin,password:123456
[2019-10-01T16:18:35.062] [DEBUG] cheese - admin
[2019-10-01T16:18:35.298] [DEBUG] cheese - null
[2019-10-01T16:18:35.298] [DEBUG] cheese - null
[2019-10-01T19:29:54.143] [DEBUG] cheese - login => username:admin,password:123456
[2019-10-01T19:29:54.148] [DEBUG] cheese - admin
[2019-10-01T19:29:54.269] [DEBUG] cheese - null
[2019-10-01T19:29:54.270] [DEBUG] cheese - null
[2019-10-02T16:49:31.377] [DEBUG] cheese - null
[2019-10-02T17:11:58.423] [DEBUG] cheese - null
[2019-10-02T17:12:05.894] [DEBUG] cheese - null
[2019-10-02T17:12:32.664] [DEBUG] cheese - null
[2019-10-02T17:12:47.265] [DEBUG] cheese - null
[2019-10-02T17:13:26.270] [DEBUG] cheese - null
[2019-10-02T17:13:29.507] [DEBUG] cheese - null
[2019-10-02T17:13:39.168] [DEBUG] cheese - null
[2019-10-02T17:13:50.969] [DEBUG] cheese - null
[2019-10-02T22:00:32.598] [DEBUG] cheese - login => username:admin,password:123456
[2019-10-02T22:00:32.617] [DEBUG] cheese - admin
[2019-10-02T22:00:32.757] [DEBUG] cheese - null
[2019-10-02T22:00:32.757] [DEBUG] cheese - null
[2019-10-02T22:15:13.276] [DEBUG] cheese - login => username:admin,password:123456
[2019-10-02T22:15:13.279] [DEBUG] cheese - admin
[2019-10-02T22:15:13.432] [DEBUG] cheese - null
[2019-10-02T22:15:13.432] [DEBUG] cheese - null
[2019-10-03T12:28:40.348] [DEBUG] cheese - login => username:admin,password:123456
[2019-10-03T12:28:40.386] [DEBUG] cheese - admin
[2019-10-03T12:28:40.684] [DEBUG] cheese - null
[2019-10-03T12:28:40.687] [DEBUG] cheese - null
[2019-10-03T12:32:46.030] [DEBUG] cheese - login => username:admin,password:123456
[2019-10-03T12:32:46.034] [DEBUG] cheese - admin
[2019-10-03T12:32:46.127] [DEBUG] cheese - null
[2019-10-03T12:32:46.127] [DEBUG] cheese - null
[2019-10-03T12:52:52.588] [DEBUG] cheese - login => username:admin,password:123456
[2019-10-03T12:52:52.606] [DEBUG] cheese - admin
[2019-10-03T12:52:52.650] [DEBUG] cheese - null
[2019-10-03T12:52:52.650] [DEBUG] cheese - null
[2019-10-03T13:10:51.598] [DEBUG] cheese - null
[2019-10-03T13:11:35.811] [DEBUG] cheese - null
[2019-10-03T13:11:46.495] [DEBUG] cheese - null
[2019-10-03T13:12:48.292] [DEBUG] cheese - null
[2019-10-03T13:16:01.885] [DEBUG] cheese - null
[2019-10-03T13:18:39.720] [DEBUG] cheese - null
[2019-10-04T10:24:15.890] [DEBUG] cheese - login => username:admin,password:123456
[2019-10-04T10:24:15.914] [DEBUG] cheese - admin
[2019-10-04T10:24:16.085] [DEBUG] cheese - null
[2019-10-04T10:24:16.085] [DEBUG] cheese - null
[2019-10-04T10:26:03.815] [DEBUG] cheese - login => username:admin,password:123456
[2019-10-04T10:26:03.817] [DEBUG] cheese - admin
[2019-10-04T10:26:03.862] [DEBUG] cheese - null
[2019-10-04T10:26:03.862] [DEBUG] cheese - null
[2019-10-04T10:42:58.412] [DEBUG] cheese - login => username:admin,password:123456
[2019-10-04T10:42:58.427] [DEBUG] cheese - admin
[2019-10-04T10:42:58.610] [DEBUG] cheese - null
[2019-10-04T10:42:58.611] [DEBUG] cheese - null
[2019-10-04T16:18:27.120] [DEBUG] cheese - login => username:admin,password:123456
[2019-10-04T16:18:27.133] [DEBUG] cheese - admin
[2019-10-04T16:18:27.360] [DEBUG] cheese - null
[2019-10-04T16:18:27.367] [DEBUG] cheese - null
[2019-10-04T16:19:29.774] [DEBUG] cheese - login => username:admin,password:123456
[2019-10-04T16:19:29.783] [DEBUG] cheese - admin
[2019-10-04T16:19:29.935] [DEBUG] cheese - null
[2019-10-04T16:19:29.938] [DEBUG] cheese - null
[2019-10-04T21:22:04.429] [DEBUG] cheese - login => username:admin,password:123456
[2019-10-04T21:22:04.440] [DEBUG] cheese - admin
[2019-10-04T21:22:04.623] [DEBUG] cheese - null
[2019-10-04T21:22:04.630] [DEBUG] cheese - null
[2019-10-04T21:23:04.994] [DEBUG] cheese - login => username:admin,password:123456
[2019-10-04T21:23:04.998] [DEBUG] cheese - admin
[2019-10-04T21:23:05.019] [DEBUG] cheese - null
[2019-10-04T21:23:05.022] [DEBUG] cheese - null
[2019-10-04T21:26:46.085] [DEBUG] cheese - login => username:admin,password:123456
[2019-10-04T21:26:46.089] [DEBUG] cheese - admin
[2019-10-04T21:26:46.178] [DEBUG] cheese - null
[2019-10-04T21:26:46.181] [DEBUG] cheese - null
[2019-10-04T21:30:06.116] [DEBUG] cheese - login => username:admin,password:123456
[2019-10-04T21:30:06.120] [DEBUG] cheese - admin
[2019-10-04T21:30:06.228] [DEBUG] cheese - null
[2019-10-04T21:30:06.231] [DEBUG] cheese - null
[2019-10-04T21:35:22.421] [DEBUG] cheese - login => username:admin,password:123456
[2019-10-04T21:35:22.426] [DEBUG] cheese - admin
[2019-10-04T21:35:22.595] [DEBUG] cheese - null
[2019-10-04T21:35:22.595] [DEBUG] cheese - null
[2019-10-05T09:29:14.179] [DEBUG] cheese - login => username:admin,password:123456
[2019-10-05T09:29:14.187] [DEBUG] cheese - admin
[2019-10-05T09:29:14.381] [DEBUG] cheese - null
[2019-10-05T09:29:14.382] [DEBUG] cheese - null
[2019-10-05T09:30:25.595] [DEBUG] cheese - login => username:admin,password:123456
[2019-10-05T09:30:25.596] [DEBUG] cheese - admin
[2019-10-05T09:30:25.604] [DEBUG] cheese - null
[2019-10-05T09:30:25.604] [DEBUG] cheese - null
[2019-10-05T09:31:20.393] [DEBUG] cheese - null
[2019-10-05T09:46:06.477] [DEBUG] cheese - login => username:admin,password:123456
[2019-10-05T09:46:06.484] [DEBUG] cheese - admin
[2019-10-05T09:46:06.512] [DEBUG] cheese - null
[2019-10-05T09:46:06.513] [DEBUG] cheese - null
[2019-10-05T09:46:20.264] [DEBUG] cheese - login => username:夫撒地方,password:123456史蒂夫s d f
[2019-10-05T09:46:20.265] [DEBUG] cheese - 夫撒地方
[2019-10-05T09:46:20.268] [DEBUG] cheese - null
[2019-10-05T09:46:20.268] [DEBUG] cheese - null
[2019-10-05T09:48:25.174] [DEBUG] cheese - login => username:admin,password:123456
[2019-10-05T09:48:25.176] [DEBUG] cheese - admin
[2019-10-05T09:48:25.191] [DEBUG] cheese - null
[2019-10-05T09:48:25.191] [DEBUG] cheese - null
[2019-10-05T09:51:56.314] [DEBUG] cheese - login => username:admin,password:123456
[2019-10-05T09:51:56.315] [DEBUG] cheese - admin
[2019-10-05T09:51:56.326] [DEBUG] cheese - null
[2019-10-05T09:51:56.327] [DEBUG] cheese - null
[2020-05-02T16:43:39.331] [DEBUG] cheese - login => username:admin,password:123456
[2020-05-02T16:43:39.339] [DEBUG] cheese - admin
[2020-05-02T16:43:39.523] [DEBUG] cheese - null
[2020-05-02T16:43:39.524] [DEBUG] cheese - null
